
ROM used:   6312/131072 (5%)
            6312/131072 (5%) including unused fragments

            1.6 Average locations per line
            12.7 Average locations per statement

RAM used:   126/3712 (3%) at main() level
            316/3712 (9%) worst case

Stack used: 4 worst case (2 in main + 2 for interrupts)
Stack size: 31

Lines Stmts  %   Files
----- ----- ---  -----
  277   138  28  new.c
 1672     0   0  D:\Program Files (x86)\PICC\Devices\18F27K40.h
   37     0   0  D:\Program Files (x86)\PICC\Drivers\stdio.h
  435     0   0  D:\Program Files (x86)\PICC\Drivers\string.h
   32     0   0  D:\Program Files (x86)\PICC\Drivers\stddef.h
   28     0   0  D:\Program Files (x86)\PICC\Drivers\ctype.h
 1352   359  72  D:\Program Files (x86)\PICC\Drivers\stdlib.h
----- -----
 3833   497 Total

Page ROM  %  RAM    Vol Diff  Functions:
---- --- --- ---    --- ----  ----------
0    120   1    5    231  6.6  strcmp
0    128   1    9    318  6.5  strstr
0     96   1    7    275  6.5  strupr
0    246   2   11             @MULFF
0     54   0    2             @ITOF
0    632   5   16             @ADDFF
0    350   3   14             @DIVFF
0    588   5   19   1549 12.4  strtof
0     40   0    1             @delay_ms1
0     38   0    1             @delay_us1
0     24   0    1             @PUTCHAR_BIU_1
0     26   0    0             @GETCH_BIU_1
0     66   1    4    136  3.9  RS232_Interrupt_Routine
0    136   1    6    531  8.3  GetCom
0    152   1   11    394  8.0  GetBrightness
0   2072  16  148   3822  8.4  Cmd_Receive
0      4   0    0             @const1123
0     40   0    3             @PSTRINGC_1075
0      4   0    0             @const1128
0      4   0    0             @const1129
0      4   0    0             @const1130
0      4   0    0             @const1131
0      4   0    0             @const1132
0      4   0    0             @const1133
0      4   0    0             @const1134
0      4   0    0             @const1135
0      4   0    0             @const1136
0      4   0    0             @const1137
0      4   0    0             @const1138
0      4   0    0             @const1139
0     62   0    4             @SFTOI
0     28   0    0             @const1143
0    680   5   35   1513  7.4  MAIN
0     30   0    0             @const1150
0     22   0    0             @const1151
0     74   1    0             @const1152
0     74   1    0             @const1153
0     60   0    0             @const1154
0     60   0    0             @const1155
0     28   0    0             @const1156
0    108   1    0             @const1157
0     38   0    2             @PSTRINGR_1075
 Inline         0             @cinit1

Program metrics:
    Functions               9
    Statements              497
    Comments                902
    Volume (V)              12240
    Difficulty (D)          66.5
    Effort to implement (E) 813918
    Time to implement (T)   12 hours, 34 minutes
    Est Delivered Bugs (B)  3
    Cyclomatic Complexity   42
    Maintainability (MI)    77

 Segment     Used  Free
-----------  ----  ----
00000-00002     4  0  
00004-00006     0  4  
00008-000BE   184  0  
000C0-0FFFE  6124  59220  
10000-1FFFE     0  65536  



